# Logfile created on 2014-01-08 15:16:32 -0800 by logger.rb/41954
I, [2014-01-08T15:16:32.045924 #35430]  INFO -- : 0:  rake (10.1.1) from /Users/kitchen/.rvm/gems/ruby-2.0.0-p353@railstutorial_rails_4_0/specifications/rake-10.1.1.gemspec
I, [2014-01-08T15:16:32.046267 #35430]  INFO -- : 0:  bundler (1.5.1) from /Users/kitchen/.rvm/gems/ruby-2.0.0-p353@global/specifications/bundler-1.5.1.gemspec
I, [2014-01-08T15:16:32.046576 #35430]  INFO -- : 0:  i18n (0.6.9) from /Users/kitchen/.rvm/gems/ruby-2.0.0-p353@railstutorial_rails_4_0/specifications/i18n-0.6.9.gemspec
I, [2014-01-08T15:16:33.440101 #35430]  INFO -- : 0:  net-ssh (2.7.0) from /Users/kitchen/.rvm/gems/ruby-2.0.0-p353@railstutorial_rails_4_0/specifications/net-ssh-2.7.0.gemspec
I, [2014-01-08T15:16:34.077571 #35430]  INFO -- : 0:  net-scp (1.1.2) from /Users/kitchen/.rvm/gems/ruby-2.0.0-p353@railstutorial_rails_4_0/specifications/net-scp-1.1.2.gemspec
I, [2014-01-08T15:16:34.743408 #35430]  INFO -- : 0:  tins (0.13.1) from /Users/kitchen/.rvm/gems/ruby-2.0.0-p353@railstutorial_rails_4_0/specifications/tins-0.13.1.gemspec
I, [2014-01-08T15:16:35.865679 #35430]  INFO -- : 0:  term-ansicolor (1.2.2) from /Users/kitchen/.rvm/gems/ruby-2.0.0-p353@railstutorial_rails_4_0/specifications/term-ansicolor-1.2.2.gemspec
I, [2014-01-08T15:16:36.632445 #35430]  INFO -- : 0:  sshkit (1.3.0) from /Users/kitchen/.rvm/gems/ruby-2.0.0-p353@railstutorial_rails_4_0/specifications/sshkit-1.3.0.gemspec
I, [2014-01-08T15:16:37.272216 #35430]  INFO -- : 0:  capistrano (3.0.1) from /Users/kitchen/.rvm/gems/ruby-2.0.0-p353@railstutorial_rails_4_0/specifications/capistrano-3.0.1.gemspec
I, [2014-01-08T15:16:37.828690 #35430]  INFO -- : 0:  capistrano-bundler (1.1.1) from /Users/kitchen/.rvm/gems/ruby-2.0.0-p353@railstutorial_rails_4_0/specifications/capistrano-bundler-1.1.1.gemspec
I, [2014-01-08T15:21:17.288335 #35688]  INFO -- : 0:  rake (10.1.1) from /Users/kitchen/.rvm/gems/ruby-2.0.0-p353@railstutorial_rails_4_0/specifications/rake-10.1.1.gemspec
I, [2014-01-08T15:21:17.288819 #35688]  INFO -- : 0:  bundler (1.5.1) from /Users/kitchen/.rvm/gems/ruby-2.0.0-p353@global/specifications/bundler-1.5.1.gemspec
I, [2014-01-08T15:21:17.289060 #35688]  INFO -- : 0:  i18n (0.6.9) from /Users/kitchen/.rvm/gems/ruby-2.0.0-p353@railstutorial_rails_4_0/specifications/i18n-0.6.9.gemspec
I, [2014-01-08T15:21:17.289280 #35688]  INFO -- : 0:  net-ssh (2.7.0) from /Users/kitchen/.rvm/gems/ruby-2.0.0-p353@railstutorial_rails_4_0/specifications/net-ssh-2.7.0.gemspec
I, [2014-01-08T15:21:17.289543 #35688]  INFO -- : 0:  net-scp (1.1.2) from /Users/kitchen/.rvm/gems/ruby-2.0.0-p353@railstutorial_rails_4_0/specifications/net-scp-1.1.2.gemspec
I, [2014-01-08T15:21:17.289790 #35688]  INFO -- : 0:  tins (0.13.1) from /Users/kitchen/.rvm/gems/ruby-2.0.0-p353@railstutorial_rails_4_0/specifications/tins-0.13.1.gemspec
I, [2014-01-08T15:21:17.290103 #35688]  INFO -- : 0:  term-ansicolor (1.2.2) from /Users/kitchen/.rvm/gems/ruby-2.0.0-p353@railstutorial_rails_4_0/specifications/term-ansicolor-1.2.2.gemspec
I, [2014-01-08T15:21:17.290345 #35688]  INFO -- : 0:  sshkit (1.3.0) from /Users/kitchen/.rvm/gems/ruby-2.0.0-p353@railstutorial_rails_4_0/specifications/sshkit-1.3.0.gemspec
I, [2014-01-08T15:21:17.290566 #35688]  INFO -- : 0:  capistrano (3.0.1) from /Users/kitchen/.rvm/gems/ruby-2.0.0-p353@railstutorial_rails_4_0/specifications/capistrano-3.0.1.gemspec
I, [2014-01-08T15:21:17.290831 #35688]  INFO -- : 0:  capistrano-bundler (1.1.1) from /Users/kitchen/.rvm/gems/ruby-2.0.0-p353@railstutorial_rails_4_0/specifications/capistrano-bundler-1.1.1.gemspec
I, [2014-01-08T15:21:18.285445 #35688]  INFO -- : 0:  capistrano-rvm (0.0.3) from /Users/kitchen/.rvm/gems/ruby-2.0.0-p353@railstutorial_rails_4_0/specifications/capistrano-rvm-0.0.3.gemspec
